<?xml version="1.0" encoding="UTF-8"?>
<!-- Generated by org.testng.reporters.JUnitReportReporter -->
<testsuite skipped="0" hostname="PABashilov-PC" name="autotest.CheckTrailerWhileHoverOnVideo" tests="1" failures="0" timestamp="23 окт 2017 22:43:55 GMT" time="19.421" errors="0">
  <testcase name="CheckTrailerWhileHoverOnVideoExists" time="19.421" classname="autotest.CheckTrailerWhileHoverOnVideo"/>
</testsuite> <!-- autotest.CheckTrailerWhileHoverOnVideo -->
